<?xml version="1.0" encoding="UTF-8"?>
<!-- Generated by org.testng.reporters.JUnitReportReporter -->
<testsuite hostname="Bankim" failures="0" tests="1" name="automationchallange.Read_Excel" time="0.304" errors="0" timestamp="2022-10-09T17:51:32 CDT" skipped="0">
  <testcase classname="automationchallange.Read_Excel" name="readExcelData" time="0.304"/>
  <system-out/>
</testsuite> <!-- automationchallange.Read_Excel -->
